Started GET "/" for ::1 at 2022-09-30 23:24:59 -0300
Processing by Rails::WelcomeController#index as HTML
  Rendering /var/lib/gems/2.7.0/gems/railties-5.2.8.1/lib/rails/templates/rails/welcome/index.html.erb
  Rendered /var/lib/gems/2.7.0/gems/railties-5.2.8.1/lib/rails/templates/rails/welcome/index.html.erb (2.6ms)
Completed 200 OK in 11ms (Views: 6.0ms | ActiveRecord: 0.0ms)


Started GET "/" for ::1 at 2022-09-30 23:26:32 -0300
Processing by Rails::WelcomeController#index as HTML
  Rendering /var/lib/gems/2.7.0/gems/railties-5.2.8.1/lib/rails/templates/rails/welcome/index.html.erb
  Rendered /var/lib/gems/2.7.0/gems/railties-5.2.8.1/lib/rails/templates/rails/welcome/index.html.erb (1.7ms)
Completed 200 OK in 7ms (Views: 2.9ms | ActiveRecord: 0.0ms)


  [1m[35m (0.1ms)[0m  [1m[34mSELECT sqlite_version(*)[0m
  ↳ bin/rails:9
  [1m[35m (4.3ms)[0m  [1m[35mCREATE TABLE "schema_migrations" ("version" varchar NOT NULL PRIMARY KEY)[0m
  ↳ bin/rails:9
  [1m[35m (3.1ms)[0m  [1m[35mCREATE TABLE "ar_internal_metadata" ("key" varchar NOT NULL PRIMARY KEY, "value" varchar, "created_at" datetime NOT NULL, "updated_at" datetime NOT NULL)[0m
  ↳ bin/rails:9
  [1m[35m (0.1ms)[0m  [1m[34mSELECT "schema_migrations"."version" FROM "schema_migrations" ORDER BY "schema_migrations"."version" ASC[0m
  ↳ bin/rails:9
Migrating to CreateCoins (20221001032547)
  [1m[35m (0.0ms)[0m  [1m[36mbegin transaction[0m
  ↳ bin/rails:9
  [1m[35m (0.2ms)[0m  [1m[35mCREATE TABLE "coins" ("id" integer PRIMARY KEY AUTOINCREMENT NOT NULL, "description" varchar, "acronym" varchar, "url_image" varchar, "created_at" datetime NOT NULL, "updated_at" datetime NOT NULL)[0m
  ↳ db/migrate/20221001032547_create_coins.rb:3
  [1m[36mActiveRecord::SchemaMigration Create (0.1ms)[0m  [1m[32mINSERT INTO "schema_migrations" ("version") VALUES (?)[0m  [["version", "20221001032547"]]
  ↳ bin/rails:9
  [1m[35m (3.5ms)[0m  [1m[36mcommit transaction[0m
  ↳ bin/rails:9
  [1m[36mActiveRecord::InternalMetadata Load (0.1ms)[0m  [1m[34mSELECT  "ar_internal_metadata".* FROM "ar_internal_metadata" WHERE "ar_internal_metadata"."key" = ? LIMIT ?[0m  [["key", "environment"], ["LIMIT", 1]]
  ↳ bin/rails:9
  [1m[35m (0.0ms)[0m  [1m[36mbegin transaction[0m
  ↳ bin/rails:9
  [1m[36mActiveRecord::InternalMetadata Create (0.2ms)[0m  [1m[32mINSERT INTO "ar_internal_metadata" ("key", "value", "created_at", "updated_at") VALUES (?, ?, ?, ?)[0m  [["key", "environment"], ["value", "development"], ["created_at", "2022-10-03 02:53:41.256702"], ["updated_at", "2022-10-03 02:53:41.256702"]]
  ↳ bin/rails:9
  [1m[35m (2.4ms)[0m  [1m[36mcommit transaction[0m
  ↳ bin/rails:9
  [1m[35m (0.1ms)[0m  [1m[34mSELECT "schema_migrations"."version" FROM "schema_migrations" ORDER BY "schema_migrations"."version" ASC[0m
  ↳ bin/rails:9
Started GET "/" for ::1 at 2022-10-02 23:58:21 -0300
  [1m[35m (0.1ms)[0m  [1m[34mSELECT "schema_migrations"."version" FROM "schema_migrations" ORDER BY "schema_migrations"."version" ASC[0m
  ↳ /var/lib/gems/2.7.0/gems/activerecord-5.2.8.1/lib/active_record/log_subscriber.rb:98
Processing by Rails::WelcomeController#index as HTML
  Rendering /var/lib/gems/2.7.0/gems/railties-5.2.8.1/lib/rails/templates/rails/welcome/index.html.erb
  Rendered /var/lib/gems/2.7.0/gems/railties-5.2.8.1/lib/rails/templates/rails/welcome/index.html.erb (1.5ms)
Completed 200 OK in 6ms (Views: 2.5ms | ActiveRecord: 0.0ms)


Started GET "/coins" for ::1 at 2022-10-02 23:58:24 -0300
Processing by CoinsController#index as HTML
  Rendering coins/index.html.erb within layouts/application
  [1m[36mCoin Load (0.1ms)[0m  [1m[34mSELECT "coins".* FROM "coins"[0m
  ↳ app/views/coins/index.html.erb:16
  Rendered coins/index.html.erb within layouts/application (1.5ms)
Completed 200 OK in 279ms (Views: 276.0ms | ActiveRecord: 0.3ms)


Started GET "/coins/new" for ::1 at 2022-10-02 23:58:38 -0300
Processing by CoinsController#new as HTML
  Rendering coins/new.html.erb within layouts/application
  Rendered coins/_form.html.erb (19.3ms)
  Rendered coins/new.html.erb within layouts/application (20.3ms)
Completed 200 OK in 52ms (Views: 44.5ms | ActiveRecord: 0.3ms)


Started GET "/coins" for ::1 at 2022-10-02 23:58:40 -0300
Processing by CoinsController#index as HTML
  Rendering coins/index.html.erb within layouts/application
  [1m[36mCoin Load (0.5ms)[0m  [1m[34mSELECT "coins".* FROM "coins"[0m
  ↳ app/views/coins/index.html.erb:16
  Rendered coins/index.html.erb within layouts/application (5.7ms)
Completed 200 OK in 33ms (Views: 28.9ms | ActiveRecord: 0.5ms)


Started GET "/coins/new" for ::1 at 2022-10-02 23:58:46 -0300
Processing by CoinsController#new as HTML
  Rendering coins/new.html.erb within layouts/application
  Rendered coins/_form.html.erb (2.4ms)
  Rendered coins/new.html.erb within layouts/application (3.4ms)
Completed 200 OK in 16ms (Views: 14.6ms | ActiveRecord: 0.0ms)


Started GET "/coins/new" for ::1 at 2022-10-02 23:59:49 -0300
Processing by CoinsController#new as HTML
  Rendering coins/new.html.erb within layouts/application
  Rendered coins/_form.html.erb (6.0ms)
  Rendered coins/new.html.erb within layouts/application (7.9ms)
Completed 200 OK in 29ms (Views: 27.3ms | ActiveRecord: 0.0ms)


Started GET "/coins" for ::1 at 2022-10-02 23:59:51 -0300
Processing by CoinsController#index as HTML
  Rendering coins/index.html.erb within layouts/application
  [1m[36mCoin Load (0.1ms)[0m  [1m[34mSELECT "coins".* FROM "coins"[0m
  ↳ app/views/coins/index.html.erb:16
  Rendered coins/index.html.erb within layouts/application (1.1ms)
Completed 200 OK in 13ms (Views: 12.5ms | ActiveRecord: 0.1ms)


Started GET "/coins/new" for ::1 at 2022-10-03 00:00:02 -0300
Processing by CoinsController#new as HTML
  Rendering coins/new.html.erb within layouts/application
  Rendered coins/_form.html.erb (2.1ms)
  Rendered coins/new.html.erb within layouts/application (2.8ms)
Completed 200 OK in 15ms (Views: 13.2ms | ActiveRecord: 0.0ms)


Started POST "/coins" for ::1 at 2022-10-03 00:00:21 -0300
Processing by CoinsController#create as HTML
  Parameters: {"utf8"=>"✓", "authenticity_token"=>"HzMBvsLcjQ+9Z4/mKcTGKmeKzcZyq8XAU4pdNHONIALCYmu+bKJfUJ04ovVgQXbTUPv+N5TMhjZj4fWIT4UrDw==", "coin"=>{"description"=>"Bitcoin", "acronym"=>"BTC", "url_image"=>"https://bitcoin.org/favicon.png?1664356125"}, "commit"=>"Create Coin"}
  [1m[35m (0.1ms)[0m  [1m[36mbegin transaction[0m
  ↳ app/controllers/coins_controller.rb:27
  [1m[36mCoin Create (0.2ms)[0m  [1m[32mINSERT INTO "coins" ("description", "acronym", "url_image", "created_at", "updated_at") VALUES (?, ?, ?, ?, ?)[0m  [["description", "Bitcoin"], ["acronym", "BTC"], ["url_image", "https://bitcoin.org/favicon.png?1664356125"], ["created_at", "2022-10-03 03:00:21.436856"], ["updated_at", "2022-10-03 03:00:21.436856"]]
  ↳ app/controllers/coins_controller.rb:27
  [1m[35m (2.4ms)[0m  [1m[36mcommit transaction[0m
  ↳ app/controllers/coins_controller.rb:27
Redirected to http://localhost:3000/coins/1
Completed 302 Found in 7ms (ActiveRecord: 2.7ms)


Started GET "/coins/1" for ::1 at 2022-10-03 00:00:21 -0300
Processing by CoinsController#show as HTML
  Parameters: {"id"=>"1"}
  [1m[36mCoin Load (0.2ms)[0m  [1m[34mSELECT  "coins".* FROM "coins" WHERE "coins"."id" = ? LIMIT ?[0m  [["id", 1], ["LIMIT", 1]]
  ↳ app/controllers/coins_controller.rb:63
  Rendering coins/show.html.erb within layouts/application
  Rendered coins/show.html.erb within layouts/application (0.5ms)
Completed 200 OK in 12ms (Views: 9.5ms | ActiveRecord: 0.2ms)


Started GET "/coins/1" for ::1 at 2022-10-03 00:00:24 -0300
Processing by CoinsController#show as HTML
  Parameters: {"id"=>"1"}
  [1m[36mCoin Load (0.2ms)[0m  [1m[34mSELECT  "coins".* FROM "coins" WHERE "coins"."id" = ? LIMIT ?[0m  [["id", 1], ["LIMIT", 1]]
  ↳ app/controllers/coins_controller.rb:63
  Rendering coins/show.html.erb within layouts/application
  Rendered coins/show.html.erb within layouts/application (1.5ms)
Completed 200 OK in 24ms (Views: 20.4ms | ActiveRecord: 0.2ms)


Started GET "/coins/1" for ::1 at 2022-10-03 00:00:25 -0300
Processing by CoinsController#show as HTML
  Parameters: {"id"=>"1"}
  [1m[36mCoin Load (0.2ms)[0m  [1m[34mSELECT  "coins".* FROM "coins" WHERE "coins"."id" = ? LIMIT ?[0m  [["id", 1], ["LIMIT", 1]]
  ↳ app/controllers/coins_controller.rb:63
  Rendering coins/show.html.erb within layouts/application
  Rendered coins/show.html.erb within layouts/application (1.6ms)
Completed 200 OK in 33ms (Views: 29.1ms | ActiveRecord: 0.2ms)


Started GET "/coins" for ::1 at 2022-10-03 00:00:53 -0300
Processing by CoinsController#index as HTML
  Rendering coins/index.html.erb within layouts/application
  [1m[36mCoin Load (0.1ms)[0m  [1m[34mSELECT "coins".* FROM "coins"[0m
  ↳ app/views/coins/index.html.erb:16
  Rendered coins/index.html.erb within layouts/application (1.7ms)
Completed 200 OK in 15ms (Views: 14.0ms | ActiveRecord: 0.1ms)


Started DELETE "/coins/1" for ::1 at 2022-10-03 00:00:57 -0300
Processing by CoinsController#destroy as HTML
  Parameters: {"authenticity_token"=>"/7zG3WLTZ4X5tSnnh7we20thwmoldeCkxjDgmvUId+m5zlWoi5wJunkMPgQ4EYcF/+O8GPgU9oR43bgfqSYv/g==", "id"=>"1"}
  [1m[36mCoin Load (0.2ms)[0m  [1m[34mSELECT  "coins".* FROM "coins" WHERE "coins"."id" = ? LIMIT ?[0m  [["id", 1], ["LIMIT", 1]]
  ↳ app/controllers/coins_controller.rb:63
  [1m[35m (0.1ms)[0m  [1m[36mbegin transaction[0m
  ↳ app/controllers/coins_controller.rb:52
  [1m[36mCoin Destroy (0.3ms)[0m  [1m[31mDELETE FROM "coins" WHERE "coins"."id" = ?[0m  [["id", 1]]
  ↳ app/controllers/coins_controller.rb:52
  [1m[35m (6.8ms)[0m  [1m[36mcommit transaction[0m
  ↳ app/controllers/coins_controller.rb:52
Redirected to http://localhost:3000/coins
Completed 302 Found in 14ms (ActiveRecord: 7.4ms)


Started GET "/coins" for ::1 at 2022-10-03 00:00:57 -0300
Processing by CoinsController#index as HTML
  Rendering coins/index.html.erb within layouts/application
  [1m[36mCoin Load (0.1ms)[0m  [1m[34mSELECT "coins".* FROM "coins"[0m
  ↳ app/views/coins/index.html.erb:16
  Rendered coins/index.html.erb within layouts/application (1.3ms)
Completed 200 OK in 14ms (Views: 13.2ms | ActiveRecord: 0.1ms)


Started GET "/coins/new" for ::1 at 2022-10-03 00:00:59 -0300
Processing by CoinsController#new as HTML
  Rendering coins/new.html.erb within layouts/application
  Rendered coins/_form.html.erb (2.4ms)
  Rendered coins/new.html.erb within layouts/application (3.3ms)
Completed 200 OK in 15ms (Views: 14.0ms | ActiveRecord: 0.0ms)


Started POST "/coins" for ::1 at 2022-10-03 00:01:30 -0300
Processing by CoinsController#create as HTML
  Parameters: {"utf8"=>"✓", "authenticity_token"=>"A7KC60UvxVt8m9EViBILic3keb6Kj4yn37RZBFe9N4/e4+jr61EXBFzE/AbBl7tw+pVKT2zoz1Hv3/G4a7U8gg==", "coin"=>{"description"=>"Bitcoin", "acronym"=>"BTC", "url_image"=>"https://bitcoin.org/favicon.png?1664356125"}, "commit"=>"Create Coin"}
  [1m[35m (0.0ms)[0m  [1m[36mbegin transaction[0m
  ↳ app/controllers/coins_controller.rb:27
  [1m[36mCoin Create (0.2ms)[0m  [1m[32mINSERT INTO "coins" ("description", "acronym", "url_image", "created_at", "updated_at") VALUES (?, ?, ?, ?, ?)[0m  [["description", "Bitcoin"], ["acronym", "BTC"], ["url_image", "https://bitcoin.org/favicon.png?1664356125"], ["created_at", "2022-10-03 03:01:30.686316"], ["updated_at", "2022-10-03 03:01:30.686316"]]
  ↳ app/controllers/coins_controller.rb:27
  [1m[35m (6.1ms)[0m  [1m[36mcommit transaction[0m
  ↳ app/controllers/coins_controller.rb:27
Redirected to http://localhost:3000/coins/2
Completed 302 Found in 10ms (ActiveRecord: 6.4ms)


Started GET "/coins/2" for ::1 at 2022-10-03 00:01:30 -0300
Processing by CoinsController#show as HTML
  Parameters: {"id"=>"2"}
  [1m[36mCoin Load (0.1ms)[0m  [1m[34mSELECT  "coins".* FROM "coins" WHERE "coins"."id" = ? LIMIT ?[0m  [["id", 2], ["LIMIT", 1]]
  ↳ app/controllers/coins_controller.rb:63
  Rendering coins/show.html.erb within layouts/application
  Rendered coins/show.html.erb within layouts/application (0.5ms)
Completed 200 OK in 10ms (Views: 8.5ms | ActiveRecord: 0.1ms)


Started GET "/coins" for ::1 at 2022-10-03 00:01:33 -0300
Processing by CoinsController#index as HTML
  Rendering coins/index.html.erb within layouts/application
  [1m[36mCoin Load (0.1ms)[0m  [1m[34mSELECT "coins".* FROM "coins"[0m
  ↳ app/views/coins/index.html.erb:16
  Rendered coins/index.html.erb within layouts/application (1.3ms)
Completed 200 OK in 13ms (Views: 12.6ms | ActiveRecord: 0.1ms)


Started GET "/coins" for ::1 at 2022-10-03 00:01:35 -0300
Processing by CoinsController#index as HTML
  Rendering coins/index.html.erb within layouts/application
  [1m[36mCoin Load (0.1ms)[0m  [1m[34mSELECT "coins".* FROM "coins"[0m
  ↳ app/views/coins/index.html.erb:16
  Rendered coins/index.html.erb within layouts/application (1.3ms)
Completed 200 OK in 15ms (Views: 13.5ms | ActiveRecord: 0.1ms)


Started GET "/coins" for ::1 at 2022-10-03 00:01:35 -0300
Processing by CoinsController#index as HTML
  Rendering coins/index.html.erb within layouts/application
  [1m[36mCoin Load (0.2ms)[0m  [1m[34mSELECT "coins".* FROM "coins"[0m
  ↳ app/views/coins/index.html.erb:16
  Rendered coins/index.html.erb within layouts/application (2.9ms)
Completed 200 OK in 23ms (Views: 20.2ms | ActiveRecord: 0.2ms)


Started GET "/coins" for ::1 at 2022-10-03 00:01:36 -0300
Processing by CoinsController#index as HTML
  Rendering coins/index.html.erb within layouts/application
  [1m[36mCoin Load (0.2ms)[0m  [1m[34mSELECT "coins".* FROM "coins"[0m
  ↳ app/views/coins/index.html.erb:16
  Rendered coins/index.html.erb within layouts/application (4.0ms)
Completed 200 OK in 28ms (Views: 25.7ms | ActiveRecord: 0.2ms)


Started GET "/coins" for ::1 at 2022-10-03 00:01:36 -0300
Processing by CoinsController#index as HTML
  Rendering coins/index.html.erb within layouts/application
  [1m[36mCoin Load (0.3ms)[0m  [1m[34mSELECT "coins".* FROM "coins"[0m
  ↳ app/views/coins/index.html.erb:16
  Rendered coins/index.html.erb within layouts/application (4.2ms)
Completed 200 OK in 31ms (Views: 28.5ms | ActiveRecord: 0.3ms)


Started DELETE "/coins/2" for ::1 at 2022-10-03 00:01:41 -0300
Processing by CoinsController#destroy as HTML
  Parameters: {"authenticity_token"=>"wLyuPLeCh/hvZBkWCX5jCMrJ9UZzx+6e8DIzFOeLqJOGzj1JXs3px+/dDvW20/rWfkuLNK6m+L5O32uRu6XwhA==", "id"=>"2"}
  [1m[36mCoin Load (0.1ms)[0m  [1m[34mSELECT  "coins".* FROM "coins" WHERE "coins"."id" = ? LIMIT ?[0m  [["id", 2], ["LIMIT", 1]]
  ↳ app/controllers/coins_controller.rb:63
  [1m[35m (0.1ms)[0m  [1m[36mbegin transaction[0m
  ↳ app/controllers/coins_controller.rb:52
  [1m[36mCoin Destroy (0.3ms)[0m  [1m[31mDELETE FROM "coins" WHERE "coins"."id" = ?[0m  [["id", 2]]
  ↳ app/controllers/coins_controller.rb:52
  [1m[35m (6.6ms)[0m  [1m[36mcommit transaction[0m
  ↳ app/controllers/coins_controller.rb:52
Redirected to http://localhost:3000/coins
Completed 302 Found in 12ms (ActiveRecord: 7.1ms)


Started GET "/coins" for ::1 at 2022-10-03 00:01:41 -0300
Processing by CoinsController#index as HTML
  Rendering coins/index.html.erb within layouts/application
  [1m[36mCoin Load (0.1ms)[0m  [1m[34mSELECT "coins".* FROM "coins"[0m
  ↳ app/views/coins/index.html.erb:16
  Rendered coins/index.html.erb within layouts/application (0.8ms)
Completed 200 OK in 10ms (Views: 9.0ms | ActiveRecord: 0.1ms)


Started GET "/coins" for ::1 at 2022-10-03 00:01:44 -0300
Processing by CoinsController#index as HTML
  Rendering coins/index.html.erb within layouts/application
  [1m[36mCoin Load (0.3ms)[0m  [1m[34mSELECT "coins".* FROM "coins"[0m
  ↳ app/views/coins/index.html.erb:16
  Rendered coins/index.html.erb within layouts/application (3.4ms)
Completed 200 OK in 32ms (Views: 30.3ms | ActiveRecord: 0.3ms)


Started GET "/coins" for ::1 at 2022-10-03 00:01:44 -0300
Processing by CoinsController#index as HTML
  Rendering coins/index.html.erb within layouts/application
  [1m[36mCoin Load (0.2ms)[0m  [1m[34mSELECT "coins".* FROM "coins"[0m
  ↳ app/views/coins/index.html.erb:16
  Rendered coins/index.html.erb within layouts/application (3.4ms)
Completed 200 OK in 33ms (Views: 30.0ms | ActiveRecord: 0.2ms)


Started GET "/coins" for ::1 at 2022-10-03 00:01:44 -0300
Processing by CoinsController#index as HTML
  Rendering coins/index.html.erb within layouts/application
  [1m[36mCoin Load (0.2ms)[0m  [1m[34mSELECT "coins".* FROM "coins"[0m
  ↳ app/views/coins/index.html.erb:16
  Rendered coins/index.html.erb within layouts/application (3.3ms)
Completed 200 OK in 32ms (Views: 29.1ms | ActiveRecord: 0.2ms)


Started GET "/coins" for ::1 at 2022-10-03 00:30:51 -0300
Processing by CoinsController#index as HTML
  Rendering coins/index.html.erb within layouts/application
  [1m[36mCoin Load (0.4ms)[0m  [1m[34mSELECT "coins".* FROM "coins"[0m
  ↳ app/views/coins/index.html.erb:16
  Rendered coins/index.html.erb within layouts/application (4.3ms)
Completed 200 OK in 31ms (Views: 28.9ms | ActiveRecord: 0.4ms)


Started GET "/" for ::1 at 2022-10-07 18:50:03 -0300
  [1m[35m (0.1ms)[0m  [1m[34mSELECT "schema_migrations"."version" FROM "schema_migrations" ORDER BY "schema_migrations"."version" ASC[0m
  ↳ /var/lib/gems/2.7.0/gems/activerecord-5.2.8.1/lib/active_record/log_subscriber.rb:98
Processing by Rails::WelcomeController#index as HTML
  Rendering /var/lib/gems/2.7.0/gems/railties-5.2.8.1/lib/rails/templates/rails/welcome/index.html.erb
  Rendered /var/lib/gems/2.7.0/gems/railties-5.2.8.1/lib/rails/templates/rails/welcome/index.html.erb (1.9ms)
Completed 200 OK in 8ms (Views: 4.0ms | ActiveRecord: 0.0ms)


Started GET "/" for ::1 at 2022-10-07 18:57:18 -0300
  [1m[35m (0.1ms)[0m  [1m[34mSELECT "schema_migrations"."version" FROM "schema_migrations" ORDER BY "schema_migrations"."version" ASC[0m
  ↳ /var/lib/gems/2.7.0/gems/activerecord-5.2.8.1/lib/active_record/log_subscriber.rb:98
Processing by Rails::WelcomeController#index as HTML
  Rendering /var/lib/gems/2.7.0/gems/railties-5.2.8.1/lib/rails/templates/rails/welcome/index.html.erb
  Rendered /var/lib/gems/2.7.0/gems/railties-5.2.8.1/lib/rails/templates/rails/welcome/index.html.erb (1.6ms)
Completed 200 OK in 6ms (Views: 2.8ms | ActiveRecord: 0.0ms)


Started GET "/welcome" for ::1 at 2022-10-07 18:57:22 -0300
  
ActionController::RoutingError (No route matches [GET] "/welcome"):
  
actionpack (5.2.8.1) lib/action_dispatch/middleware/debug_exceptions.rb:65:in `call'
web-console (3.7.0) lib/web_console/middleware.rb:135:in `call_app'
web-console (3.7.0) lib/web_console/middleware.rb:30:in `block in call'
web-console (3.7.0) lib/web_console/middleware.rb:20:in `catch'
web-console (3.7.0) lib/web_console/middleware.rb:20:in `call'
actionpack (5.2.8.1) lib/action_dispatch/middleware/show_exceptions.rb:33:in `call'
railties (5.2.8.1) lib/rails/rack/logger.rb:38:in `call_app'
railties (5.2.8.1) lib/rails/rack/logger.rb:26:in `block in call'
activesupport (5.2.8.1) lib/active_support/tagged_logging.rb:71:in `block in tagged'
activesupport (5.2.8.1) lib/active_support/tagged_logging.rb:28:in `tagged'
activesupport (5.2.8.1) lib/active_support/tagged_logging.rb:71:in `tagged'
railties (5.2.8.1) lib/rails/rack/logger.rb:26:in `call'
sprockets-rails (3.4.2) lib/sprockets/rails/quiet_assets.rb:13:in `call'
actionpack (5.2.8.1) lib/action_dispatch/middleware/remote_ip.rb:81:in `call'
actionpack (5.2.8.1) lib/action_dispatch/middleware/request_id.rb:27:in `call'
rack (2.2.4) lib/rack/method_override.rb:24:in `call'
rack (2.2.4) lib/rack/runtime.rb:22:in `call'
activesupport (5.2.8.1) lib/active_support/cache/strategy/local_cache_middleware.rb:29:in `call'
actionpack (5.2.8.1) lib/action_dispatch/middleware/executor.rb:14:in `call'
actionpack (5.2.8.1) lib/action_dispatch/middleware/static.rb:127:in `call'
rack (2.2.4) lib/rack/sendfile.rb:110:in `call'
railties (5.2.8.1) lib/rails/engine.rb:524:in `call'
puma (3.12.6) lib/puma/configuration.rb:227:in `call'
puma (3.12.6) lib/puma/server.rb:706:in `handle_request'
puma (3.12.6) lib/puma/server.rb:476:in `process_client'
puma (3.12.6) lib/puma/server.rb:334:in `block in run'
puma (3.12.6) lib/puma/thread_pool.rb:135:in `block in spawn_thread'
Started GET "/" for ::1 at 2022-10-07 18:57:50 -0300
Processing by Rails::WelcomeController#index as HTML
  Rendering /var/lib/gems/2.7.0/gems/railties-5.2.8.1/lib/rails/templates/rails/welcome/index.html.erb
  Rendered /var/lib/gems/2.7.0/gems/railties-5.2.8.1/lib/rails/templates/rails/welcome/index.html.erb (2.5ms)
Completed 200 OK in 4ms (Views: 3.5ms | ActiveRecord: 0.0ms)


Started GET "/" for ::1 at 2022-10-08 11:21:21 -0300
  [1m[35m (0.1ms)[0m  [1m[34mSELECT "schema_migrations"."version" FROM "schema_migrations" ORDER BY "schema_migrations"."version" ASC[0m
  ↳ /var/lib/gems/2.7.0/gems/activerecord-5.2.8.1/lib/active_record/log_subscriber.rb:98
Processing by Rails::WelcomeController#index as HTML
  Rendering /var/lib/gems/2.7.0/gems/railties-5.2.8.1/lib/rails/templates/rails/welcome/index.html.erb
  Rendered /var/lib/gems/2.7.0/gems/railties-5.2.8.1/lib/rails/templates/rails/welcome/index.html.erb (1.7ms)
Completed 200 OK in 8ms (Views: 3.1ms | ActiveRecord: 0.0ms)


Started GET "/welcome/index" for ::1 at 2022-10-08 11:21:26 -0300
Processing by WelcomeController#index as HTML
  Rendering welcome/index.html.erb within layouts/application
  Rendered welcome/index.html.erb within layouts/application (0.3ms)
Completed 200 OK in 311ms (Views: 309.5ms | ActiveRecord: 0.0ms)


Started GET "/welcome/index" for ::1 at 2022-10-08 11:24:24 -0300
Processing by WelcomeController#index as HTML
  Rendering welcome/index.html.erb within layouts/application
  Rendered welcome/index.html.erb within layouts/application (0.4ms)
Completed 200 OK in 12ms (Views: 11.7ms | ActiveRecord: 0.0ms)


Started GET "/welcome/index" for ::1 at 2022-10-08 11:24:41 -0300
Processing by WelcomeController#index as HTML
  Rendering welcome/index.html.erb within layouts/application
  Rendered welcome/index.html.erb within layouts/application (1.1ms)
Completed 200 OK in 28ms (Views: 26.2ms | ActiveRecord: 0.0ms)


Started GET "/welcome/index" for ::1 at 2022-10-08 11:25:38 -0300
Processing by WelcomeController#index as HTML
  Rendering welcome/index.html.erb within layouts/application
  Rendered welcome/index.html.erb within layouts/application (1.1ms)
Completed 200 OK in 34ms (Views: 32.0ms | ActiveRecord: 0.0ms)


Started GET "/welcome/index" for ::1 at 2022-10-08 11:25:39 -0300
Processing by WelcomeController#index as HTML
  Rendering welcome/index.html.erb within layouts/application
  Rendered welcome/index.html.erb within layouts/application (1.0ms)
Completed 200 OK in 34ms (Views: 31.8ms | ActiveRecord: 0.0ms)


Started GET "/welcome/index" for ::1 at 2022-10-08 11:25:40 -0300
Processing by WelcomeController#index as HTML
  Rendering welcome/index.html.erb within layouts/application
  Rendered welcome/index.html.erb within layouts/application (1.3ms)
Completed 200 OK in 36ms (Views: 34.5ms | ActiveRecord: 0.0ms)


Started GET "/welcome/index" for ::1 at 2022-10-08 11:27:10 -0300
Processing by WelcomeController#index as HTML
  Rendering welcome/index.html.erb within layouts/application
  Rendered welcome/index.html.erb within layouts/application (1.1ms)
Completed 200 OK in 37ms (Views: 34.6ms | ActiveRecord: 0.0ms)


Started GET "/welcome/index" for ::1 at 2022-10-08 11:29:36 -0300
Processing by WelcomeController#index as HTML
  Rendering welcome/index.html.erb within layouts/application
  Rendered welcome/index.html.erb within layouts/application (19.1ms)
Completed 500 Internal Server Error in 24ms (ActiveRecord: 0.0ms)


  
ActionView::Template::Error (undefined method `now' for Date:Class
Did you mean?  new):
    3: <h1>Bem-vindo a Crypto Wallet!  </h1>
    4: <% user = 'Everson' << ' Silva' %>
    5: <p>Usuário: <%= user %></p>
    6: <footer>São Paulo, SP - <%= Date.today %> - <%= Date.now %></footer>
  
app/views/welcome/index.html.erb:6:in `_app_views_welcome_index_html_erb___1430801965594599092_15380'
Started GET "/welcome/index" for ::1 at 2022-10-08 11:30:51 -0300
Processing by WelcomeController#index as HTML
  Rendering welcome/index.html.erb within layouts/application
  Rendered welcome/index.html.erb within layouts/application (0.6ms)
Completed 200 OK in 21ms (Views: 19.8ms | ActiveRecord: 0.0ms)


Started GET "/rails/info/routes" for ::1 at 2022-10-08 11:42:15 -0300
Processing by Rails::InfoController#routes as HTML
  Rendering /var/lib/gems/2.7.0/gems/railties-5.2.8.1/lib/rails/templates/rails/info/routes.html.erb within layouts/application
  Rendered collection of /var/lib/gems/2.7.0/gems/actionpack-5.2.8.1/lib/action_dispatch/middleware/templates/routes/_route.html.erb [14 times] (5.3ms)
  Rendered /var/lib/gems/2.7.0/gems/actionpack-5.2.8.1/lib/action_dispatch/middleware/templates/routes/_table.html.erb (5.7ms)
  Rendered /var/lib/gems/2.7.0/gems/railties-5.2.8.1/lib/rails/templates/rails/info/routes.html.erb within layouts/application (14.7ms)
Completed 200 OK in 20ms (Views: 18.0ms | ActiveRecord: 0.0ms)


Started GET "/welcome/index" for ::1 at 2022-10-08 11:43:54 -0300
Processing by WelcomeController#index as HTML
  Rendering welcome/index.html.erb within layouts/application
  Rendered welcome/index.html.erb within layouts/application (0.8ms)
Completed 200 OK in 15ms (Views: 14.4ms | ActiveRecord: 0.0ms)


Started GET "/coins" for ::1 at 2022-10-08 11:44:00 -0300
Processing by CoinsController#index as HTML
  Rendering coins/index.html.erb within layouts/application
  [1m[36mCoin Load (0.6ms)[0m  [1m[34mSELECT "coins".* FROM "coins"[0m
  ↳ app/views/coins/index.html.erb:16
  Rendered coins/index.html.erb within layouts/application (5.8ms)
Completed 200 OK in 35ms (Views: 26.5ms | ActiveRecord: 1.1ms)


Started GET "/coins/new" for ::1 at 2022-10-08 11:44:02 -0300
Processing by CoinsController#new as HTML
  Rendering coins/new.html.erb within layouts/application
  Rendered coins/_form.html.erb (18.7ms)
  Rendered coins/new.html.erb within layouts/application (19.9ms)
Completed 200 OK in 62ms (Views: 35.4ms | ActiveRecord: 1.4ms)


Started GET "/coins" for ::1 at 2022-10-08 11:44:04 -0300
Processing by CoinsController#index as HTML
  Rendering coins/index.html.erb within layouts/application
  [1m[36mCoin Load (0.4ms)[0m  [1m[34mSELECT "coins".* FROM "coins"[0m
  ↳ app/views/coins/index.html.erb:16
  Rendered coins/index.html.erb within layouts/application (4.2ms)
Completed 200 OK in 39ms (Views: 35.4ms | ActiveRecord: 0.4ms)


Started GET "/coins" for ::1 at 2022-10-08 11:49:35 -0300
Processing by CoinsController#index as HTML
  Rendering coins/index.html.erb within layouts/application
  [1m[36mCoin Load (0.2ms)[0m  [1m[34mSELECT "coins".* FROM "coins"[0m
  ↳ app/views/coins/index.html.erb:16
  Rendered coins/index.html.erb within layouts/application (1.5ms)
Completed 200 OK in 17ms (Views: 15.8ms | ActiveRecord: 0.2ms)


Started GET "/coins" for ::1 at 2022-10-08 11:49:36 -0300
Processing by CoinsController#index as HTML
  Rendering coins/index.html.erb within layouts/application
  [1m[36mCoin Load (0.1ms)[0m  [1m[34mSELECT "coins".* FROM "coins"[0m
  ↳ app/views/coins/index.html.erb:16
  Rendered coins/index.html.erb within layouts/application (1.8ms)
Completed 200 OK in 19ms (Views: 17.4ms | ActiveRecord: 0.1ms)


Started GET "/coins/new" for ::1 at 2022-10-08 11:49:37 -0300
Processing by CoinsController#new as HTML
  Rendering coins/new.html.erb within layouts/application
  Rendered coins/_form.html.erb (5.2ms)
  Rendered coins/new.html.erb within layouts/application (7.8ms)
Completed 200 OK in 31ms (Views: 28.2ms | ActiveRecord: 0.0ms)


Started GET "/welcome/index" for ::1 at 2022-10-08 11:49:40 -0300
Processing by WelcomeController#index as HTML
  Rendering welcome/index.html.erb within layouts/application
  Rendered welcome/index.html.erb within layouts/application (2.0ms)
Completed 200 OK in 30ms (Views: 27.7ms | ActiveRecord: 0.0ms)


Started GET "/welcome/index" for ::1 at 2022-10-08 11:49:42 -0300
Processing by WelcomeController#index as HTML
  Rendering welcome/index.html.erb within layouts/application
  Rendered welcome/index.html.erb within layouts/application (0.8ms)
Completed 200 OK in 20ms (Views: 19.2ms | ActiveRecord: 0.0ms)


Started GET "/welcome/index" for ::1 at 2022-10-08 11:51:35 -0300
Processing by WelcomeController#index as HTML
  Rendering welcome/index.html.erb within layouts/application
  Rendered welcome/index.html.erb within layouts/application (0.6ms)
Completed 200 OK in 14ms (Views: 13.7ms | ActiveRecord: 0.0ms)


Started GET "/coins" for ::1 at 2022-10-08 13:09:38 -0300
Processing by CoinsController#index as HTML
  Rendering coins/index.html.erb within layouts/application
  [1m[36mCoin Load (0.3ms)[0m  [1m[34mSELECT "coins".* FROM "coins"[0m
  ↳ app/views/coins/index.html.erb:16
  Rendered coins/index.html.erb within layouts/application (3.4ms)
Completed 200 OK in 45ms (Views: 42.3ms | ActiveRecord: 0.3ms)


Started GET "/coins/new" for ::1 at 2022-10-08 13:09:40 -0300
Processing by CoinsController#new as HTML
  Rendering coins/new.html.erb within layouts/application
  Rendered coins/_form.html.erb (7.7ms)
  Rendered coins/new.html.erb within layouts/application (10.3ms)
Completed 200 OK in 41ms (Views: 38.4ms | ActiveRecord: 0.0ms)


Started POST "/coins" for ::1 at 2022-10-08 13:09:48 -0300
Processing by CoinsController#create as HTML
  Parameters: {"utf8"=>"✓", "authenticity_token"=>"QsVepwXAzUGNa0M29BTYiEDkxRSkXbYTGiDbj6Xa7veHsZZcpgJ+F4tMs7/h3idwbDC4/Rvdm+77XKawRv0A3A==", "coin"=>{"description"=>"Bitcoin", "acronym"=>"BTC", "url_image"=>"https://cdn-icons-png.flaticon.com/512/838/838352.png"}, "commit"=>"Create Coin"}
  [1m[35m (0.1ms)[0m  [1m[36mbegin transaction[0m
  ↳ app/controllers/coins_controller.rb:27
  [1m[36mCoin Create (0.3ms)[0m  [1m[32mINSERT INTO "coins" ("description", "acronym", "url_image", "created_at", "updated_at") VALUES (?, ?, ?, ?, ?)[0m  [["description", "Bitcoin"], ["acronym", "BTC"], ["url_image", "https://cdn-icons-png.flaticon.com/512/838/838352.png"], ["created_at", "2022-10-08 16:09:48.777857"], ["updated_at", "2022-10-08 16:09:48.777857"]]
  ↳ app/controllers/coins_controller.rb:27
  [1m[35m (2.9ms)[0m  [1m[36mcommit transaction[0m
  ↳ app/controllers/coins_controller.rb:27
Redirected to http://localhost:3000/coins/3
Completed 302 Found in 7ms (ActiveRecord: 3.2ms)


Started GET "/coins/3" for ::1 at 2022-10-08 13:09:48 -0300
Processing by CoinsController#show as HTML
  Parameters: {"id"=>"3"}
  [1m[36mCoin Load (0.1ms)[0m  [1m[34mSELECT  "coins".* FROM "coins" WHERE "coins"."id" = ? LIMIT ?[0m  [["id", 3], ["LIMIT", 1]]
  ↳ app/controllers/coins_controller.rb:63
  Rendering coins/show.html.erb within layouts/application
  Rendered coins/show.html.erb within layouts/application (0.6ms)
Completed 200 OK in 18ms (Views: 15.2ms | ActiveRecord: 0.1ms)


Started GET "/coins" for ::1 at 2022-10-08 13:09:56 -0300
Processing by CoinsController#index as HTML
  Rendering coins/index.html.erb within layouts/application
  [1m[36mCoin Load (0.2ms)[0m  [1m[34mSELECT "coins".* FROM "coins"[0m
  ↳ app/views/coins/index.html.erb:16
  Rendered coins/index.html.erb within layouts/application (4.0ms)
Completed 200 OK in 54ms (Views: 51.5ms | ActiveRecord: 0.2ms)


Started GET "/coins/3/edit" for ::1 at 2022-10-08 13:10:56 -0300
Processing by CoinsController#edit as HTML
  Parameters: {"id"=>"3"}
  [1m[36mCoin Load (0.2ms)[0m  [1m[34mSELECT  "coins".* FROM "coins" WHERE "coins"."id" = ? LIMIT ?[0m  [["id", 3], ["LIMIT", 1]]
  ↳ app/controllers/coins_controller.rb:63
  Rendering coins/edit.html.erb within layouts/application
  Rendered coins/_form.html.erb (7.4ms)
  Rendered coins/edit.html.erb within layouts/application (10.3ms)
Completed 200 OK in 37ms (Views: 33.5ms | ActiveRecord: 0.2ms)


Started PATCH "/coins/3" for ::1 at 2022-10-08 13:10:59 -0300
Processing by CoinsController#update as HTML
  Parameters: {"utf8"=>"✓", "authenticity_token"=>"SdZyVRGItP6NB05zpR+yyYYh47/DJyDMXG2Jd+ypFN4GYHwUQKj0R0oeBfdBVDWhYwj1+TC9xX1Th0rnj5nusQ==", "coin"=>{"description"=>"Bitcoin", "acronym"=>"BTC", "url_image"=>"https://cdn-icons-png.flaticon.com/512/6943/6943101.png"}, "commit"=>"Update Coin", "id"=>"3"}
  [1m[36mCoin Load (0.2ms)[0m  [1m[34mSELECT  "coins".* FROM "coins" WHERE "coins"."id" = ? LIMIT ?[0m  [["id", 3], ["LIMIT", 1]]
  ↳ app/controllers/coins_controller.rb:63
  [1m[35m (0.1ms)[0m  [1m[36mbegin transaction[0m
  ↳ app/controllers/coins_controller.rb:40
  [1m[36mCoin Update (0.6ms)[0m  [1m[33mUPDATE "coins" SET "url_image" = ?, "updated_at" = ? WHERE "coins"."id" = ?[0m  [["url_image", "https://cdn-icons-png.flaticon.com/512/6943/6943101.png"], ["updated_at", "2022-10-08 16:10:59.886685"], ["id", 3]]
  ↳ app/controllers/coins_controller.rb:40
  [1m[35m (2.7ms)[0m  [1m[36mcommit transaction[0m
  ↳ app/controllers/coins_controller.rb:40
Redirected to http://localhost:3000/coins/3
Completed 302 Found in 12ms (ActiveRecord: 3.7ms)


Started GET "/coins/3" for ::1 at 2022-10-08 13:10:59 -0300
Processing by CoinsController#show as HTML
  Parameters: {"id"=>"3"}
  [1m[36mCoin Load (0.1ms)[0m  [1m[34mSELECT  "coins".* FROM "coins" WHERE "coins"."id" = ? LIMIT ?[0m  [["id", 3], ["LIMIT", 1]]
  ↳ app/controllers/coins_controller.rb:63
  Rendering coins/show.html.erb within layouts/application
  Rendered coins/show.html.erb within layouts/application (0.6ms)
Completed 200 OK in 13ms (Views: 12.1ms | ActiveRecord: 0.1ms)


Started GET "/coins" for ::1 at 2022-10-08 13:11:01 -0300
Processing by CoinsController#index as HTML
  Rendering coins/index.html.erb within layouts/application
  [1m[36mCoin Load (0.2ms)[0m  [1m[34mSELECT "coins".* FROM "coins"[0m
  ↳ app/views/coins/index.html.erb:16
  Rendered coins/index.html.erb within layouts/application (4.3ms)
Completed 200 OK in 34ms (Views: 32.2ms | ActiveRecord: 0.2ms)


Started GET "/coins/new" for ::1 at 2022-10-08 13:11:26 -0300
Processing by CoinsController#new as HTML
  Rendering coins/new.html.erb within layouts/application
  Rendered coins/_form.html.erb (6.7ms)
  Rendered coins/new.html.erb within layouts/application (9.2ms)
Completed 200 OK in 46ms (Views: 42.9ms | ActiveRecord: 0.0ms)


Started POST "/coins" for ::1 at 2022-10-08 13:11:38 -0300
Processing by CoinsController#create as HTML
  Parameters: {"utf8"=>"✓", "authenticity_token"=>"YvZcKPHpc/SFkiI3Rwv0ns55lsLJwlDPMCCILuq0kkKngpTTUivAooO10r5SwQtm4q3rK3ZCfTLRXPURCZN8aQ==", "coin"=>{"description"=>"Ethereum", "acronym"=>"ETH", "url_image"=>"https://cdn-icons-png.flaticon.com/512/6943/6943137.png"}, "commit"=>"Create Coin"}
  [1m[35m (0.2ms)[0m  [1m[36mbegin transaction[0m
  ↳ app/controllers/coins_controller.rb:27
  [1m[36mCoin Create (0.4ms)[0m  [1m[32mINSERT INTO "coins" ("description", "acronym", "url_image", "created_at", "updated_at") VALUES (?, ?, ?, ?, ?)[0m  [["description", "Ethereum"], ["acronym", "ETH"], ["url_image", "https://cdn-icons-png.flaticon.com/512/6943/6943137.png"], ["created_at", "2022-10-08 16:11:38.640117"], ["updated_at", "2022-10-08 16:11:38.640117"]]
  ↳ app/controllers/coins_controller.rb:27
  [1m[35m (3.3ms)[0m  [1m[36mcommit transaction[0m
  ↳ app/controllers/coins_controller.rb:27
Redirected to http://localhost:3000/coins/4
Completed 302 Found in 11ms (ActiveRecord: 3.9ms)


Started GET "/coins/4" for ::1 at 2022-10-08 13:11:38 -0300
Processing by CoinsController#show as HTML
  Parameters: {"id"=>"4"}
  [1m[36mCoin Load (0.1ms)[0m  [1m[34mSELECT  "coins".* FROM "coins" WHERE "coins"."id" = ? LIMIT ?[0m  [["id", 4], ["LIMIT", 1]]
  ↳ app/controllers/coins_controller.rb:63
  Rendering coins/show.html.erb within layouts/application
  Rendered coins/show.html.erb within layouts/application (0.6ms)
Completed 200 OK in 14ms (Views: 12.3ms | ActiveRecord: 0.1ms)


Started GET "/coins" for ::1 at 2022-10-08 13:11:40 -0300
Processing by CoinsController#index as HTML
  Rendering coins/index.html.erb within layouts/application
  [1m[36mCoin Load (0.2ms)[0m  [1m[34mSELECT "coins".* FROM "coins"[0m
  ↳ app/views/coins/index.html.erb:16
  Rendered coins/index.html.erb within layouts/application (4.7ms)
Completed 200 OK in 39ms (Views: 36.4ms | ActiveRecord: 0.2ms)


Started GET "/coins" for ::1 at 2022-10-08 13:13:29 -0300
Processing by CoinsController#index as HTML
  Rendering coins/index.html.erb within layouts/application
  [1m[36mCoin Load (0.1ms)[0m  [1m[34mSELECT "coins".* FROM "coins"[0m
  ↳ app/views/coins/index.html.erb:16
  Rendered coins/index.html.erb within layouts/application (2.2ms)
Completed 200 OK in 15ms (Views: 14.4ms | ActiveRecord: 0.1ms)


Started GET "/coins" for ::1 at 2022-10-08 13:13:37 -0300
Processing by CoinsController#index as HTML
  Rendering coins/index.html.erb within layouts/application
  [1m[36mCoin Load (0.2ms)[0m  [1m[34mSELECT "coins".* FROM "coins"[0m
  ↳ app/views/coins/index.html.erb:16
  Rendered coins/index.html.erb within layouts/application (3.9ms)
Completed 200 OK in 23ms (Views: 20.9ms | ActiveRecord: 0.2ms)


Started GET "/coins" for ::1 at 2022-10-08 13:18:32 -0300
Processing by CoinsController#index as HTML
  Rendering coins/index.html.erb within layouts/application
  [1m[36mCoin Load (0.4ms)[0m  [1m[34mSELECT "coins".* FROM "coins"[0m
  ↳ app/views/coins/index.html.erb:16
  Rendered coins/index.html.erb within layouts/application (5.8ms)
Completed 200 OK in 36ms (Views: 32.9ms | ActiveRecord: 0.4ms)


Started GET "/coins" for ::1 at 2022-10-08 13:18:55 -0300
Processing by CoinsController#index as HTML
  Rendering coins/index.html.erb within layouts/application
  [1m[36mCoin Load (0.4ms)[0m  [1m[34mSELECT "coins".* FROM "coins"[0m
  ↳ app/views/coins/index.html.erb:16
  Rendered coins/index.html.erb within layouts/application (7.2ms)
Completed 200 OK in 33ms (Views: 30.4ms | ActiveRecord: 0.4ms)


Started GET "/coins" for ::1 at 2022-10-08 13:19:11 -0300
Processing by CoinsController#index as HTML
  Rendering coins/index.html.erb within layouts/application
  [1m[36mCoin Load (0.1ms)[0m  [1m[34mSELECT "coins".* FROM "coins"[0m
  ↳ app/views/coins/index.html.erb:16
  Rendered coins/index.html.erb within layouts/application (3.0ms)
Completed 200 OK in 21ms (Views: 19.1ms | ActiveRecord: 0.1ms)


Started GET "/coins" for ::1 at 2022-10-08 13:32:19 -0300
Processing by CoinsController#index as HTML
  Rendering coins/index.html.erb within layouts/application
  [1m[36mCoin Load (0.2ms)[0m  [1m[34mSELECT "coins".* FROM "coins"[0m
  ↳ app/views/coins/index.html.erb:16
  Rendered coins/index.html.erb within layouts/application (2.9ms)
Completed 200 OK in 22ms (Views: 20.8ms | ActiveRecord: 0.2ms)


Started GET "/coins/new" for ::1 at 2022-10-08 13:32:44 -0300
Processing by CoinsController#new as HTML
  Rendering coins/new.html.erb within layouts/application
  Rendered coins/_form.html.erb (7.9ms)
  Rendered coins/new.html.erb within layouts/application (10.2ms)
Completed 500 Internal Server Error in 15ms (ActiveRecord: 0.0ms)


  
ActionView::Template::Error (Nil location provided. Can't build URI.):
    23: 
    24:   <div class="field">
    25:     <%= form.label :url_image %>
    26:     <%= image_tag coin.url_image, size: 25, alt: coin.description %>
    27:     <%= form.text_field :url_image %>
    28:   </div>
    29: 
  
app/views/coins/_form.html.erb:26:in `block in _app_views_coins__form_html_erb___336645746635051460_18900'
app/views/coins/_form.html.erb:1:in `_app_views_coins__form_html_erb___336645746635051460_18900'
app/views/coins/new.html.erb:3:in `_app_views_coins_new_html_erb__337855540786730210_18880'
Started GET "/coins/new" for ::1 at 2022-10-08 13:33:22 -0300
Processing by CoinsController#new as HTML
  Rendering coins/new.html.erb within layouts/application
  Rendered coins/_form.html.erb (5.7ms)
  Rendered coins/new.html.erb within layouts/application (8.0ms)
Completed 200 OK in 35ms (Views: 33.5ms | ActiveRecord: 0.0ms)


Started GET "/coins" for ::1 at 2022-10-08 13:33:24 -0300
Processing by CoinsController#index as HTML
  Rendering coins/index.html.erb within layouts/application
  [1m[36mCoin Load (0.1ms)[0m  [1m[34mSELECT "coins".* FROM "coins"[0m
  ↳ app/views/coins/index.html.erb:16
  Rendered coins/index.html.erb within layouts/application (1.8ms)
Completed 200 OK in 15ms (Views: 14.8ms | ActiveRecord: 0.1ms)


Started GET "/coins" for ::1 at 2022-10-08 15:18:18 -0300
Processing by CoinsController#index as HTML
  Rendering coins/index.html.erb within layouts/application
  [1m[36mCoin Load (0.2ms)[0m  [1m[34mSELECT "coins".* FROM "coins"[0m
  ↳ app/views/coins/index.html.erb:16
  Rendered coins/index.html.erb within layouts/application (6.7ms)
Completed 200 OK in 22ms (Views: 19.4ms | ActiveRecord: 0.6ms)


Started GET "/welcome/index" for ::1 at 2022-10-08 15:18:22 -0300
Processing by WelcomeController#index as HTML
  Rendering welcome/index.html.erb within layouts/application
  Rendered welcome/index.html.erb within layouts/application (0.5ms)
Completed 200 OK in 14ms (Views: 12.7ms | ActiveRecord: 0.0ms)


Started GET "/welcome/index" for ::1 at 2022-10-08 15:18:35 -0300
Processing by WelcomeController#index as HTML
  Rendering welcome/index.html.erb within layouts/application
  Rendered welcome/index.html.erb within layouts/application (70.1ms)
Completed 500 Internal Server Error in 75ms (ActiveRecord: 0.0ms)


  
ActionView::Template::Error (undefined method `data_to_br' for #<#<Class:0x00007f37a5760de8>:0x00007f37a50597c0>
Did you mean?  date_to_br):
     8:     <li><%= link_to "Cadastro de moedas", coins_path %></li>
     9: </ul>
    10: 
    11: <footer>São Paulo, SP - <%= data_to_br Date.today %></footer>
  
app/views/welcome/index.html.erb:11:in `_app_views_welcome_index_html_erb___1430801965594599092_22060'
Started GET "/welcome/index" for ::1 at 2022-10-08 15:18:46 -0300
Processing by WelcomeController#index as HTML
  Rendering welcome/index.html.erb within layouts/application
  Rendered welcome/index.html.erb within layouts/application (1.2ms)
Completed 200 OK in 22ms (Views: 19.6ms | ActiveRecord: 0.0ms)


Started GET "/welcome/index" for ::1 at 2022-10-08 15:33:28 -0300
Processing by WelcomeController#index as HTML
  Rendering welcome/index.html.erb within layouts/application
  Rendered welcome/index.html.erb within layouts/application (0.5ms)
Completed 200 OK in 13ms (Views: 11.8ms | ActiveRecord: 0.0ms)


Started GET "/" for ::1 at 2022-10-08 15:33:31 -0300
Processing by WelcomeController#index as HTML
  Rendering welcome/index.html.erb within layouts/application
  Rendered welcome/index.html.erb within layouts/application (0.8ms)
Completed 200 OK in 19ms (Views: 18.4ms | ActiveRecord: 0.0ms)


Started GET "/" for ::1 at 2022-10-13 20:19:13 -0300
  [1m[35m (0.1ms)[0m  [1m[34mSELECT "schema_migrations"."version" FROM "schema_migrations" ORDER BY "schema_migrations"."version" ASC[0m
  ↳ /var/lib/gems/2.7.0/gems/activerecord-5.2.8.1/lib/active_record/log_subscriber.rb:98
Processing by WelcomeController#index as HTML
  Rendering welcome/index.html.erb within layouts/application
  Rendered welcome/index.html.erb within layouts/application (0.8ms)
Completed 200 OK in 124ms (Views: 119.1ms | ActiveRecord: 0.0ms)


  [1m[36mCoin Load (0.1ms)[0m  [1m[34mSELECT  "coins".* FROM "coins" ORDER BY "coins"."id" ASC LIMIT ?[0m  [["LIMIT", 1]]
  [1m[36mCoin Load (0.5ms)[0m  [1m[34mSELECT  "coins".* FROM "coins" ORDER BY "coins"."id" DESC LIMIT ?[0m  [["LIMIT", 1]]
  [1m[36mCoin Load (0.4ms)[0m  [1m[34mSELECT "coins".* FROM "coins"[0m
  [1m[36mCoin Load (0.2ms)[0m  [1m[34mSELECT "coins".* FROM "coins"[0m
Started GET "/coins" for ::1 at 2022-10-13 22:28:55 -0300
Processing by CoinsController#index as HTML
  Rendering coins/index.html.erb within layouts/application
  [1m[36mCoin Load (0.1ms)[0m  [1m[34mSELECT "coins".* FROM "coins"[0m
  ↳ app/views/coins/index.html.erb:16
  Rendered coins/index.html.erb within layouts/application (12.0ms)
Completed 200 OK in 27ms (Views: 23.9ms | ActiveRecord: 0.5ms)


Started GET "/coins" for ::1 at 2022-10-13 22:31:20 -0300
Processing by CoinsController#index as HTML
  Rendering coins/index.html.erb within layouts/application
  [1m[36mCoin Load (0.3ms)[0m  [1m[34mSELECT "coins".* FROM "coins"[0m
  ↳ app/views/coins/index.html.erb:16
  Rendered coins/index.html.erb within layouts/application (4.8ms)
Completed 200 OK in 37ms (Views: 34.9ms | ActiveRecord: 0.3ms)


Started GET "/coins" for ::1 at 2022-10-13 22:31:21 -0300
Processing by CoinsController#index as HTML
  Rendering coins/index.html.erb within layouts/application
  [1m[36mCoin Load (0.3ms)[0m  [1m[34mSELECT "coins".* FROM "coins"[0m
  ↳ app/views/coins/index.html.erb:16
  Rendered coins/index.html.erb within layouts/application (4.9ms)
Completed 200 OK in 37ms (Views: 35.2ms | ActiveRecord: 0.3ms)


  [1m[35m (0.2ms)[0m  [1m[36mbegin transaction[0m
  [1m[36mCoin Create (0.7ms)[0m  [1m[32mINSERT INTO "coins" ("description", "acronym", "url_image", "created_at", "updated_at") VALUES (?, ?, ?, ?, ?)[0m  [["description", "Dash"], ["acronym", "DASH"], ["url_image", "https://cdn-icons-png.flaticon.com/512/6943/6943131.png"], ["created_at", "2022-10-14 01:31:56.456340"], ["updated_at", "2022-10-14 01:31:56.456340"]]
  [1m[35m (8.3ms)[0m  [1m[36mcommit transaction[0m
Started GET "/coins" for ::1 at 2022-10-13 22:32:01 -0300
Processing by CoinsController#index as HTML
  Rendering coins/index.html.erb within layouts/application
  [1m[36mCoin Load (0.3ms)[0m  [1m[34mSELECT "coins".* FROM "coins"[0m
  ↳ app/views/coins/index.html.erb:16
  Rendered coins/index.html.erb within layouts/application (6.1ms)
Completed 200 OK in 38ms (Views: 36.0ms | ActiveRecord: 0.3ms)


Started GET "/coins" for ::1 at 2022-10-13 22:39:21 -0300
Processing by CoinsController#index as HTML
  Rendering coins/index.html.erb within layouts/application
  [1m[36mCoin Load (0.4ms)[0m  [1m[34mSELECT "coins".* FROM "coins"[0m
  ↳ app/views/coins/index.html.erb:16
  Rendered coins/index.html.erb within layouts/application (5.8ms)
Completed 200 OK in 40ms (Views: 37.9ms | ActiveRecord: 0.4ms)


Started GET "/coins" for ::1 at 2022-10-13 22:39:22 -0300
Processing by CoinsController#index as HTML
  Rendering coins/index.html.erb within layouts/application
  [1m[36mCoin Load (0.3ms)[0m  [1m[34mSELECT "coins".* FROM "coins"[0m
  ↳ app/views/coins/index.html.erb:16
  Rendered coins/index.html.erb within layouts/application (5.1ms)
Completed 200 OK in 31ms (Views: 28.8ms | ActiveRecord: 0.3ms)


Started GET "/coins" for ::1 at 2022-10-13 22:44:16 -0300
  
SyntaxError (/home/tester/Desktop/Studying/Udemy/Crypto-Wallet/app/helpers/application_helper.rb:18: syntax error, unexpected end-of-input, expecting `end'):
  
app/helpers/application_helper.rb:18: syntax error, unexpected end-of-input, expecting `end'
app/controllers/application_controller.rb:1:in `<main>'
app/controllers/coins_controller.rb:1:in `<main>'
Started GET "/coins" for ::1 at 2022-10-13 22:44:39 -0300
Processing by CoinsController#index as HTML
  Rendering coins/index.html.erb within layouts/application
  [1m[36mCoin Load (0.2ms)[0m  [1m[34mSELECT "coins".* FROM "coins"[0m
  ↳ app/views/coins/index.html.erb:16
  Rendered coins/index.html.erb within layouts/application (7.1ms)
Completed 200 OK in 20ms (Views: 17.4ms | ActiveRecord: 0.7ms)


Started GET "/" for ::1 at 2022-10-13 22:44:46 -0300
Processing by WelcomeController#index as HTML
  Rendering welcome/index.html.erb within layouts/application
  Rendered welcome/index.html.erb within layouts/application (0.5ms)
Completed 200 OK in 12ms (Views: 11.8ms | ActiveRecord: 0.0ms)


Started GET "/" for ::1 at 2022-10-13 22:54:00 -0300
Processing by WelcomeController#index as HTML
  Rendering welcome/index.html.erb within layouts/application
  Rendered welcome/index.html.erb within layouts/application (0.6ms)
Completed 200 OK in 13ms (Views: 12.7ms | ActiveRecord: 0.0ms)


Started GET "/" for ::1 at 2022-10-13 22:54:01 -0300
Processing by WelcomeController#index as HTML
  Rendering welcome/index.html.erb within layouts/application
  Rendered welcome/index.html.erb within layouts/application (0.4ms)
Completed 200 OK in 12ms (Views: 11.4ms | ActiveRecord: 0.0ms)


Started GET "/" for ::1 at 2022-10-13 22:54:01 -0300
Processing by WelcomeController#index as HTML
  Rendering welcome/index.html.erb within layouts/application
  Rendered welcome/index.html.erb within layouts/application (1.9ms)
Completed 200 OK in 36ms (Views: 34.4ms | ActiveRecord: 0.0ms)


Started GET "/" for ::1 at 2022-10-13 22:54:01 -0300
Processing by WelcomeController#index as HTML
  Rendering welcome/index.html.erb within layouts/application
  Rendered welcome/index.html.erb within layouts/application (0.5ms)
Completed 200 OK in 12ms (Views: 11.4ms | ActiveRecord: 0.0ms)


Started GET "/" for ::1 at 2022-10-13 22:54:01 -0300
Processing by WelcomeController#index as HTML
  Rendering welcome/index.html.erb within layouts/application
  Rendered welcome/index.html.erb within layouts/application (1.9ms)
Completed 200 OK in 31ms (Views: 29.0ms | ActiveRecord: 0.0ms)


Started GET "/" for ::1 at 2022-10-15 18:29:11 -0300
  [1m[35m (0.1ms)[0m  [1m[34mSELECT "schema_migrations"."version" FROM "schema_migrations" ORDER BY "schema_migrations"."version" ASC[0m
  ↳ /var/lib/gems/2.7.0/gems/activerecord-5.2.8.1/lib/active_record/log_subscriber.rb:98
Processing by WelcomeController#index as HTML
  Rendering welcome/index.html.erb within layouts/application
  Rendered welcome/index.html.erb within layouts/application (1.7ms)
Completed 200 OK in 108ms (Views: 103.4ms | ActiveRecord: 0.0ms)


Started GET "/?name=Everson" for ::1 at 2022-10-15 18:29:25 -0300
Processing by WelcomeController#index as HTML
  Parameters: {"name"=>"Everson"}
  Rendering welcome/index.html.erb within layouts/application
  Rendered welcome/index.html.erb within layouts/application (0.5ms)
Completed 200 OK in 12ms (Views: 11.6ms | ActiveRecord: 0.0ms)


Started GET "/?name=Everson" for ::1 at 2022-10-15 18:39:34 -0300
Processing by WelcomeController#index as HTML
  Parameters: {"name"=>"Everson"}
  Rendering welcome/index.html.erb within layouts/application
  Rendered welcome/_menu.html.erb (1.4ms)
  Rendered welcome/index.html.erb within layouts/application (4.5ms)
Completed 200 OK in 31ms (Views: 28.7ms | ActiveRecord: 0.0ms)


Started GET "/?name=Everson" for ::1 at 2022-10-15 22:27:51 -0300
Processing by WelcomeController#index as HTML
  Parameters: {"name"=>"Everson"}
  Rendering welcome/index.html.erb within layouts/application
  Rendered welcome/_menu.html.erb (0.2ms)
  Rendered welcome/index.html.erb within layouts/application (0.9ms)
Completed 200 OK in 12ms (Views: 11.2ms | ActiveRecord: 0.0ms)


Started GET "/?name=Everson" for ::1 at 2022-10-15 22:28:33 -0300
Processing by WelcomeController#index as HTML
  Parameters: {"name"=>"Everson"}
  Rendering welcome/index.html.erb within layouts/adm
  Rendered welcome/_menu.html.erb (0.3ms)
  Rendered welcome/index.html.erb within layouts/adm (1.0ms)
Completed 200 OK in 16ms (Views: 15.5ms | ActiveRecord: 0.0ms)


Started GET "/coins" for ::1 at 2022-10-15 22:28:36 -0300
Processing by CoinsController#index as HTML
  Rendering coins/index.html.erb within layouts/application
  [1m[36mCoin Load (0.2ms)[0m  [1m[34mSELECT "coins".* FROM "coins"[0m
  ↳ app/views/coins/index.html.erb:16
  Rendered coins/index.html.erb within layouts/application (11.7ms)
Completed 200 OK in 24ms (Views: 21.2ms | ActiveRecord: 0.7ms)


Started GET "/" for ::1 at 2022-10-29 20:20:54 -0300
  [1m[35m (0.1ms)[0m  [1m[34mSELECT "schema_migrations"."version" FROM "schema_migrations" ORDER BY "schema_migrations"."version" ASC[0m
  ↳ /var/lib/gems/2.7.0/gems/activerecord-5.2.8.1/lib/active_record/log_subscriber.rb:98
Processing by WelcomeController#index as HTML
  Rendering welcome/index.html.erb within layouts/adm
  Rendered welcome/_menu.html.erb (0.3ms)
  Rendered welcome/index.html.erb within layouts/adm (1.5ms)
Completed 200 OK in 135ms (Views: 130.9ms | ActiveRecord: 0.0ms)


Started GET "/coins" for ::1 at 2022-10-29 20:20:57 -0300
Processing by CoinsController#index as HTML
  Rendering coins/index.html.erb within layouts/application
  [1m[36mCoin Load (0.1ms)[0m  [1m[34mSELECT "coins".* FROM "coins"[0m
  ↳ app/views/coins/index.html.erb:16
  Rendered coins/index.html.erb within layouts/application (6.7ms)
Completed 200 OK in 19ms (Views: 16.3ms | ActiveRecord: 0.5ms)


Started GET "/coins/3" for ::1 at 2022-10-29 20:20:59 -0300
Processing by CoinsController#show as HTML
  Parameters: {"id"=>"3"}
  [1m[36mCoin Load (0.2ms)[0m  [1m[34mSELECT  "coins".* FROM "coins" WHERE "coins"."id" = ? LIMIT ?[0m  [["id", 3], ["LIMIT", 1]]
  ↳ app/controllers/coins_controller.rb:63
  Rendering coins/show.html.erb within layouts/application
  Rendered coins/show.html.erb within layouts/application (118.4ms)
Completed 500 Internal Server Error in 137ms (ActiveRecord: 0.2ms)


  
ActionView::Template::Error (undefined local variable or method `coin' for #<#<Class:0x00007f209598d5e8>:0x000055ae6b640e00>
Did you mean?  @coin):
    12: 
    13: <p>
    14:   <strong>Url image:</strong>
    15:   <%= image_tag @coin.url_image, size: 25, alt: coin.description %>
    16:   <%= @coin.url_image %>
    17: </p>
    18: 
  
app/views/coins/show.html.erb:15:in `_app_views_coins_show_html_erb__52358916455041380_15220'
Started GET "/coins/3" for ::1 at 2022-10-29 20:21:15 -0300
Processing by CoinsController#show as HTML
  Parameters: {"id"=>"3"}
  [1m[36mCoin Load (0.1ms)[0m  [1m[34mSELECT  "coins".* FROM "coins" WHERE "coins"."id" = ? LIMIT ?[0m  [["id", 3], ["LIMIT", 1]]
  ↳ app/controllers/coins_controller.rb:63
  Rendering coins/show.html.erb within layouts/application
  Rendered coins/show.html.erb within layouts/application (1.1ms)
Completed 200 OK in 32ms (Views: 29.2ms | ActiveRecord: 0.1ms)


Started GET "/coins/3" for ::1 at 2022-10-29 20:22:47 -0300
Processing by CoinsController#show as HTML
  Parameters: {"id"=>"3"}
  [1m[36mCoin Load (0.4ms)[0m  [1m[34mSELECT  "coins".* FROM "coins" WHERE "coins"."id" = ? LIMIT ?[0m  [["id", 3], ["LIMIT", 1]]
  ↳ app/controllers/coins_controller.rb:63
  Rendering coins/show.html.erb within layouts/application
  Rendered coins/show.html.erb within layouts/application (3.0ms)
Completed 200 OK in 40ms (Views: 33.7ms | ActiveRecord: 0.4ms)


Started GET "/coins" for ::1 at 2022-10-30 16:31:19 -0300
Processing by CoinsController#index as HTML
  Rendering coins/index.html.erb within layouts/application
  [1m[36mCoin Load (0.1ms)[0m  [1m[34mSELECT "coins".* FROM "coins"[0m
  ↳ app/views/coins/index.html.erb:16
  Rendered coins/index.html.erb within layouts/application (6.8ms)
Completed 200 OK in 20ms (Views: 17.5ms | ActiveRecord: 0.5ms)


Started GET "/coins/new" for ::1 at 2022-10-30 16:31:21 -0300
Processing by CoinsController#new as HTML
  Rendering coins/new.html.erb within layouts/application
  Rendered coins/_form.html.erb (26.3ms)
  Rendered coins/new.html.erb within layouts/application (29.6ms)
Completed 200 OK in 54ms (Views: 48.1ms | ActiveRecord: 0.0ms)


Started GET "/coins/4/edit" for ::1 at 2022-10-30 16:31:25 -0300
Processing by CoinsController#edit as HTML
  Parameters: {"id"=>"4"}
  [1m[36mCoin Load (0.6ms)[0m  [1m[34mSELECT  "coins".* FROM "coins" WHERE "coins"."id" = ? LIMIT ?[0m  [["id", 4], ["LIMIT", 1]]
  ↳ app/controllers/coins_controller.rb:63
  Rendering coins/edit.html.erb within layouts/application
  Rendered coins/_form.html.erb (2.3ms)
  Rendered coins/edit.html.erb within layouts/application (3.9ms)
Completed 200 OK in 26ms (Views: 19.2ms | ActiveRecord: 0.6ms)


Started GET "/coins/4" for ::1 at 2022-10-30 16:33:04 -0300
Processing by CoinsController#show as HTML
  Parameters: {"id"=>"4"}
  [1m[36mCoin Load (0.1ms)[0m  [1m[34mSELECT  "coins".* FROM "coins" WHERE "coins"."id" = ? LIMIT ?[0m  [["id", 4], ["LIMIT", 1]]
  ↳ app/controllers/coins_controller.rb:63
  Rendering coins/show.html.erb within layouts/application
  Rendered coins/show.html.erb within layouts/application (0.8ms)
Completed 200 OK in 19ms (Views: 17.7ms | ActiveRecord: 0.1ms)


Started GET "/coins" for ::1 at 2022-10-30 16:33:07 -0300
Processing by CoinsController#index as HTML
  Rendering coins/index.html.erb within layouts/application
  [1m[36mCoin Load (0.1ms)[0m  [1m[34mSELECT "coins".* FROM "coins"[0m
  ↳ app/views/coins/index.html.erb:16
  Rendered coins/index.html.erb within layouts/application (2.0ms)
Completed 200 OK in 17ms (Views: 15.8ms | ActiveRecord: 0.1ms)


Started GET "/coins/4/edit" for ::1 at 2022-10-30 16:33:10 -0300
Processing by CoinsController#edit as HTML
  Parameters: {"id"=>"4"}
  [1m[36mCoin Load (0.1ms)[0m  [1m[34mSELECT  "coins".* FROM "coins" WHERE "coins"."id" = ? LIMIT ?[0m  [["id", 4], ["LIMIT", 1]]
  ↳ app/controllers/coins_controller.rb:63
  Rendering coins/edit.html.erb within layouts/application
  Rendered coins/_form.html.erb (2.5ms)
  Rendered coins/edit.html.erb within layouts/application (3.6ms)
Completed 200 OK in 18ms (Views: 16.9ms | ActiveRecord: 0.1ms)


Started GET "/" for ::1 at 2022-11-14 22:28:10 -0300
  [1m[35m (0.1ms)[0m  [1m[34mSELECT "schema_migrations"."version" FROM "schema_migrations" ORDER BY "schema_migrations"."version" ASC[0m
  ↳ /var/lib/gems/2.7.0/gems/activerecord-5.2.8.1/lib/active_record/log_subscriber.rb:98
Processing by WelcomeController#index as HTML
  Rendering welcome/index.html.erb within layouts/adm
  Rendered welcome/_menu.html.erb (0.3ms)
  Rendered welcome/index.html.erb within layouts/adm (1.4ms)
Completed 200 OK in 147ms (Views: 142.8ms | ActiveRecord: 0.0ms)


Started GET "/coins" for ::1 at 2022-11-14 22:28:16 -0300
Processing by CoinsController#index as HTML
  Rendering coins/index.html.erb within layouts/application
  [1m[36mCoin Load (0.2ms)[0m  [1m[34mSELECT "coins".* FROM "coins"[0m
  ↳ app/views/coins/index.html.erb:16
  Rendered coins/index.html.erb within layouts/application (6.1ms)
Completed 200 OK in 34ms (Views: 31.2ms | ActiveRecord: 0.5ms)


Started GET "/coins" for 127.0.0.1 at 2022-11-14 22:29:43 -0300
Processing by CoinsController#index as */*
  Rendering coins/index.html.erb within layouts/application
  [1m[36mCoin Load (0.1ms)[0m  [1m[34mSELECT "coins".* FROM "coins"[0m
  ↳ app/views/coins/index.html.erb:16
  Rendered coins/index.html.erb within layouts/application (1.4ms)
Completed 200 OK in 16ms (Views: 12.8ms | ActiveRecord: 0.1ms)


Started GET "/coins.json" for 127.0.0.1 at 2022-11-14 22:29:53 -0300
Processing by CoinsController#index as JSON
  Rendering coins/index.json.jbuilder
  [1m[36mCoin Load (0.1ms)[0m  [1m[34mSELECT "coins".* FROM "coins"[0m
  ↳ app/views/coins/index.json.jbuilder:1
  Rendered coins/_coin.json.jbuilder (0.4ms)
  Rendered coins/_coin.json.jbuilder (0.1ms)
  Rendered coins/_coin.json.jbuilder (0.1ms)
  Rendered coins/index.json.jbuilder (2.2ms)
Completed 200 OK in 3ms (Views: 2.9ms | ActiveRecord: 0.1ms)


Started GET "/coins" for 127.0.0.1 at 2022-11-14 22:31:03 -0300
Processing by CoinsController#index as */*
  Rendering coins/index.html.erb within layouts/application
  [1m[36mCoin Load (0.1ms)[0m  [1m[34mSELECT "coins".* FROM "coins"[0m
  ↳ app/views/coins/index.html.erb:16
  Rendered coins/index.html.erb within layouts/application (1.4ms)
Completed 200 OK in 16ms (Views: 13.8ms | ActiveRecord: 0.1ms)


Started GET "/coins.json" for 127.0.0.1 at 2022-11-14 22:31:11 -0300
Processing by CoinsController#index as JSON
  Rendering coins/index.json.jbuilder
  [1m[36mCoin Load (0.1ms)[0m  [1m[34mSELECT "coins".* FROM "coins"[0m
  ↳ app/views/coins/index.json.jbuilder:1
  Rendered coins/_coin.json.jbuilder (0.4ms)
  Rendered coins/_coin.json.jbuilder (0.2ms)
  Rendered coins/_coin.json.jbuilder (0.1ms)
  Rendered coins/index.json.jbuilder (2.2ms)
Completed 200 OK in 4ms (Views: 2.9ms | ActiveRecord: 0.1ms)


Started GET "/coins" for 127.0.0.1 at 2022-11-14 22:31:15 -0300
Processing by CoinsController#index as */*
  Rendering coins/index.html.erb within layouts/application
  [1m[36mCoin Load (0.1ms)[0m  [1m[34mSELECT "coins".* FROM "coins"[0m
  ↳ app/views/coins/index.html.erb:16
  Rendered coins/index.html.erb within layouts/application (1.4ms)
Completed 200 OK in 16ms (Views: 12.9ms | ActiveRecord: 0.1ms)


Started GET "/coins.json" for 127.0.0.1 at 2022-11-14 22:31:34 -0300
Processing by CoinsController#index as JSON
  Rendering coins/index.json.jbuilder
  [1m[36mCoin Load (0.1ms)[0m  [1m[34mSELECT "coins".* FROM "coins"[0m
  ↳ app/views/coins/index.json.jbuilder:1
  Rendered coins/_coin.json.jbuilder (0.4ms)
  Rendered coins/_coin.json.jbuilder (0.1ms)
  Rendered coins/_coin.json.jbuilder (0.1ms)
  Rendered coins/index.json.jbuilder (2.0ms)
Completed 200 OK in 3ms (Views: 2.6ms | ActiveRecord: 0.1ms)


Started GET "/coins.json" for 127.0.0.1 at 2022-11-14 22:31:55 -0300
Processing by CoinsController#index as JSON
  Rendering coins/index.json.jbuilder
  [1m[36mCoin Load (0.1ms)[0m  [1m[34mSELECT "coins".* FROM "coins"[0m
  ↳ app/views/coins/index.json.jbuilder:1
  Rendered coins/_coin.json.jbuilder (0.4ms)
  Rendered coins/_coin.json.jbuilder (0.1ms)
  Rendered coins/_coin.json.jbuilder (0.1ms)
  Rendered coins/index.json.jbuilder (2.0ms)
Completed 200 OK in 3ms (Views: 2.6ms | ActiveRecord: 0.1ms)


Started GET "/coins" for 127.0.0.1 at 2022-11-14 22:31:58 -0300
Processing by CoinsController#index as */*
  Rendering coins/index.html.erb within layouts/application
  [1m[36mCoin Load (0.1ms)[0m  [1m[34mSELECT "coins".* FROM "coins"[0m
  ↳ app/views/coins/index.html.erb:16
  Rendered coins/index.html.erb within layouts/application (1.4ms)
Completed 200 OK in 16ms (Views: 13.5ms | ActiveRecord: 0.1ms)


  [1m[35m (0.1ms)[0m  [1m[34mSELECT "schema_migrations"."version" FROM "schema_migrations" ORDER BY "schema_migrations"."version" ASC[0m
  ↳ bin/rails:9
  [1m[35m (0.1ms)[0m  [1m[34mSELECT "ar_internal_metadata"."value" FROM "ar_internal_metadata" WHERE "ar_internal_metadata"."key" = ?[0m  [["key", "environment"]]
  ↳ bin/rails:9
  [1m[35m (0.0ms)[0m  [1m[34mSELECT "schema_migrations"."version" FROM "schema_migrations" ORDER BY "schema_migrations"."version" ASC[0m
  ↳ bin/rails:9
  [1m[35m (0.0ms)[0m  [1m[34mSELECT "ar_internal_metadata"."value" FROM "ar_internal_metadata" WHERE "ar_internal_metadata"."key" = ?[0m  [["key", "environment"]]
  ↳ bin/rails:9
  [1m[35m (0.0ms)[0m  [1m[34mSELECT "schema_migrations"."version" FROM "schema_migrations" ORDER BY "schema_migrations"."version" ASC[0m
  ↳ bin/rails:9
  [1m[35m (0.0ms)[0m  [1m[34mSELECT "ar_internal_metadata"."value" FROM "ar_internal_metadata" WHERE "ar_internal_metadata"."key" = ?[0m  [["key", "environment"]]
  ↳ bin/rails:9
  [1m[35m (0.0ms)[0m  [1m[34mSELECT sqlite_version(*)[0m
  ↳ bin/rails:9
  [1m[35m (10.4ms)[0m  [1m[35mCREATE TABLE "schema_migrations" ("version" varchar NOT NULL PRIMARY KEY)[0m
  ↳ bin/rails:9
  [1m[35m (2.6ms)[0m  [1m[35mCREATE TABLE "ar_internal_metadata" ("key" varchar NOT NULL PRIMARY KEY, "value" varchar, "created_at" datetime NOT NULL, "updated_at" datetime NOT NULL)[0m
  ↳ bin/rails:9
  [1m[35m (0.1ms)[0m  [1m[34mSELECT "schema_migrations"."version" FROM "schema_migrations" ORDER BY "schema_migrations"."version" ASC[0m
  ↳ bin/rails:9
Migrating to CreateCoins (20221001032547)
  [1m[35m (0.0ms)[0m  [1m[36mbegin transaction[0m
  ↳ bin/rails:9
  [1m[35m (0.2ms)[0m  [1m[35mCREATE TABLE "coins" ("id" integer PRIMARY KEY AUTOINCREMENT NOT NULL, "description" varchar, "acronym" varchar, "url_image" varchar, "created_at" datetime NOT NULL, "updated_at" datetime NOT NULL)[0m
  ↳ db/migrate/20221001032547_create_coins.rb:3
  [1m[36mActiveRecord::SchemaMigration Create (0.1ms)[0m  [1m[32mINSERT INTO "schema_migrations" ("version") VALUES (?)[0m  [["version", "20221001032547"]]
  ↳ bin/rails:9
  [1m[35m (2.8ms)[0m  [1m[36mcommit transaction[0m
  ↳ bin/rails:9
  [1m[36mActiveRecord::InternalMetadata Load (0.1ms)[0m  [1m[34mSELECT  "ar_internal_metadata".* FROM "ar_internal_metadata" WHERE "ar_internal_metadata"."key" = ? LIMIT ?[0m  [["key", "environment"], ["LIMIT", 1]]
  ↳ bin/rails:9
  [1m[35m (0.0ms)[0m  [1m[36mbegin transaction[0m
  ↳ bin/rails:9
  [1m[36mActiveRecord::InternalMetadata Create (0.2ms)[0m  [1m[32mINSERT INTO "ar_internal_metadata" ("key", "value", "created_at", "updated_at") VALUES (?, ?, ?, ?)[0m  [["key", "environment"], ["value", "development"], ["created_at", "2022-11-15 19:38:23.040977"], ["updated_at", "2022-11-15 19:38:23.040977"]]
  ↳ bin/rails:9
  [1m[35m (2.5ms)[0m  [1m[36mcommit transaction[0m
  ↳ bin/rails:9
  [1m[35m (0.1ms)[0m  [1m[34mSELECT "schema_migrations"."version" FROM "schema_migrations" ORDER BY "schema_migrations"."version" ASC[0m
  ↳ bin/rails:9
  [1m[35m (0.0ms)[0m  [1m[34mSELECT "schema_migrations"."version" FROM "schema_migrations" ORDER BY "schema_migrations"."version" ASC[0m
  ↳ bin/rails:9
  [1m[35m (0.0ms)[0m  [1m[36mbegin transaction[0m
  ↳ db/seeds.rb:11
  [1m[36mCoin Create (0.1ms)[0m  [1m[32mINSERT INTO "coins" ("description", "acronym", "url_image", "created_at", "updated_at") VALUES (?, ?, ?, ?, ?)[0m  [["description", "Bitcoin"], ["acronym", "BTC"], ["url_image", "https://cdn-icons-png.flaticon.com/512/6943/6943101.png"], ["created_at", "2022-11-15 19:38:23.054374"], ["updated_at", "2022-11-15 19:38:23.054374"]]
  ↳ db/seeds.rb:11
  [1m[35m (2.4ms)[0m  [1m[36mcommit transaction[0m
  ↳ db/seeds.rb:11
  [1m[35m (0.0ms)[0m  [1m[36mbegin transaction[0m
  ↳ db/seeds.rb:17
  [1m[36mCoin Create (0.2ms)[0m  [1m[32mINSERT INTO "coins" ("description", "acronym", "url_image", "created_at", "updated_at") VALUES (?, ?, ?, ?, ?)[0m  [["description", "Ethereum"], ["acronym", "ETH"], ["url_image", "https://cdn-icons-png.flaticon.com/512/6943/6943137.png"], ["created_at", "2022-11-15 19:38:23.058790"], ["updated_at", "2022-11-15 19:38:23.058790"]]
  ↳ db/seeds.rb:17
  [1m[35m (2.2ms)[0m  [1m[36mcommit transaction[0m
  ↳ db/seeds.rb:17
  [1m[35m (0.0ms)[0m  [1m[36mbegin transaction[0m
  ↳ db/seeds.rb:23
  [1m[36mCoin Create (0.1ms)[0m  [1m[32mINSERT INTO "coins" ("description", "acronym", "url_image", "created_at", "updated_at") VALUES (?, ?, ?, ?, ?)[0m  [["description", "Dash"], ["acronym", "DASH"], ["url_image", "https://cdn-icons-png.flaticon.com/512/6943/6943131.png"], ["created_at", "2022-11-15 19:38:23.062536"], ["updated_at", "2022-11-15 19:38:23.062536"]]
  ↳ db/seeds.rb:23
  [1m[35m (2.3ms)[0m  [1m[36mcommit transaction[0m
  ↳ db/seeds.rb:23
Started GET "/" for ::1 at 2023-03-26 10:30:52 -0300
  [1m[35m (0.1ms)[0m  [1m[34mSELECT "schema_migrations"."version" FROM "schema_migrations" ORDER BY "schema_migrations"."version" ASC[0m
  ↳ /var/lib/gems/2.7.0/gems/activerecord-5.2.8.1/lib/active_record/log_subscriber.rb:98
Processing by WelcomeController#index as HTML
  Rendering welcome/index.html.erb within layouts/adm
  Rendered welcome/_menu.html.erb (0.3ms)
  Rendered welcome/index.html.erb within layouts/adm (1.6ms)
Completed 200 OK in 130ms (Views: 126.6ms | ActiveRecord: 0.0ms)


